Build started 3/1/2014 3:31:05 PM.
     1>Project "E:\workspace\ACL\ACL\ACL.vcxproj" on node 2 (Rebuild target(s)).
     1>ClCompile:
         C:\Program Files (x86)\Microsoft Visual Studio 12.0\VC\bin\CL.exe /c /ZI /nologo /W3 /WX- /sdl /Od /Oy- /D WIN32 /D _DEBUG /D _CONSOLE /D _LIB /D _UNICODE /D UNICODE /Gm /EHsc /RTC1 /MDd /GS /fp:precise /Zc:wchar_t /Zc:forScope /Fo"Debug\\" /Fd"Debug\vc120.pdb" /Gd /TP /analyze- /errorReport:prompt AccessControlList.cpp ACLMain.cpp Command.cpp File.cpp User.cpp UserList.cpp
         UserList.cpp
         User.cpp
         File.cpp
         Command.cpp
         ACLMain.cpp
         AccessControlList.cpp
         Generating Code...
       Link:
         C:\Program Files (x86)\Microsoft Visual Studio 12.0\VC\bin\link.exe /ERRORREPORT:PROMPT /OUT:"E:\workspace\ACL\Debug\ACL.exe" /INCREMENTAL /NOLOGO kernel32.lib user32.lib gdi32.lib winspool.lib comdlg32.lib advapi32.lib shell32.lib ole32.lib oleaut32.lib uuid.lib odbc32.lib odbccp32.lib /MANIFEST /MANIFESTUAC:"level='asInvoker' uiAccess='false'" /manifest:embed /DEBUG /PDB:"E:\workspace\ACL\Debug\ACL.pdb" /SUBSYSTEM:CONSOLE /TLBID:1 /DYNAMICBASE /NXCOMPAT /IMPLIB:"E:\workspace\ACL\Debug\ACL.lib" /MACHINE:X86 Debug\AccessControlList.obj
         Debug\ACLMain.obj
         Debug\Command.obj
         Debug\File.obj
         Debug\User.obj
         Debug\UserList.obj
         ACL.vcxproj -> E:\workspace\ACL\Debug\ACL.exe
     1>Done Building Project "E:\workspace\ACL\ACL\ACL.vcxproj" (Rebuild target(s)).

Build succeeded.

Time Elapsed 00:00:03.18
